<?xml version="1.0" encoding="UTF-8"?>
<testsuite xmlns:xsi="http://www.w3.org/2001/XMLSchema-instance" xsi:noNamespaceSchemaLocation="https://maven.apache.org/surefire/maven-surefire-plugin/xsd/surefire-test-report-3.0.xsd" version="3.0" name="com.interview.ChatStatusTest" time="7.368" tests="1" errors="0" skipped="0" failures="0">
  <properties>
[...]
</properties>
  <testcase name="checkMessageStatus" classname="com.interview.ChatStatusTest" time="0.683">
    <system-out><![CDATA[15:38:56.519 [main] INFO org.springframework.test.context.support.AnnotationConfigContextLoaderUtils -- Could not detect default configuration classes for test class [com.interview.ChatStatusTest]: ChatStatusTest does not declare any static, non-private, non-final, nested classes annotated with @Configuration.
15:38:56.627 [main] INFO org.springframework.boot.test.context.SpringBootTestContextBootstrapper -- Found @SpringBootConfiguration com.interview.InterviewApplication for test class com.interview.ChatStatusTest

  .   ____          _            __ _ _
 /\\ / ___'_ __ _ _(_)_ __  __ _ \ \ \ \
( ( )\___ | '_ | '_| | '_ \/ _` | \ \ \ \
 \\/  ___)| |_)| | | | | || (_| |  ) ) ) )
  '  |____| .__|_| |_|_| |_\__, | / / / /
 =========|_|==============|___/=/_/_/_/
 :: Spring Boot ::                (v3.2.5)

15:38:57.029 [main] INFO  c.i.ChatStatusTest - [logStarting,50] - Starting ChatStatusTest using Java 19.0.2 with PID 18372 (started by TJJ in E:\java\ai-interview\backend)
15:38:57.031 [main] INFO  c.i.ChatStatusTest - [logStartupProfileInfo,654] - No active profile set, falling back to 1 default profile: "default"
Logging initialized using 'class org.apache.ibatis.logging.stdout.StdOutImpl' adapter.
Initialization Sequence datacenterId:7 workerId:16
 _ _   |_  _ _|_. ___ _ |    _ 
| | |\/|_)(_| | |_\  |_)||_|_\ 
     /               |         
                        3.5.5 
15:38:59.022 [main] INFO  c.z.h.HikariDataSource - [getConnection,110] - HikariPool-1 - Starting...
15:38:59.196 [main] INFO  c.z.h.p.HikariPool - [checkFailFast,565] - HikariPool-1 - Added connection com.mysql.cj.jdbc.ConnectionImpl@69d021c1
15:38:59.198 [main] INFO  c.z.h.HikariDataSource - [getConnection,123] - HikariPool-1 - Start completed.
15:38:59.655 [main] INFO  o.redisson.Version - [logVersion,43] - Redisson 3.27.0
15:38:59.899 [redisson-netty-1-5] INFO  o.r.c.ConnectionsHolder - [lambda$createConnection$1,191] - 1 connections initialized for 192.168.150.105/192.168.150.105:6379
15:39:00.001 [redisson-netty-1-19] INFO  o.r.c.ConnectionsHolder - [lambda$createConnection$1,191] - 24 connections initialized for 192.168.150.105/192.168.150.105:6379
15:39:01.064 [main] INFO  o.m.driver.client - [info,71] - MongoClient with metadata {"driver": {"name": "mongo-java-driver|sync|spring-boot", "version": "4.11.2"}, "os": {"type": "Windows", "name": "Windows 11", "architecture": "amd64", "version": "10.0"}, "platform": "Java/Oracle Corporation/19.0.2+7-44"} created with settings MongoClientSettings{readPreference=primary, writeConcern=WriteConcern{w=null, wTimeout=null ms, journal=null}, retryWrites=true, retryReads=true, readConcern=ReadConcern{level=null}, credential=MongoCredential{mechanism=null, userName='admin', source='admin', password=<hidden>, mechanismProperties=<hidden>}, transportSettings=null, streamFactoryFactory=null, commandListeners=[io.micrometer.core.instrument.binder.mongodb.MongoMetricsCommandListener@35c95587], codecRegistry=ProvidersCodecRegistry{codecProviders=[ValueCodecProvider{}, BsonValueCodecProvider{}, DBRefCodecProvider{}, DBObjectCodecProvider{}, DocumentCodecProvider{}, CollectionCodecProvider{}, IterableCodecProvider{}, MapCodecProvider{}, GeoJsonCodecProvider{}, GridFSFileCodecProvider{}, Jsr310CodecProvider{}, JsonObjectCodecProvider{}, BsonCodecProvider{}, EnumCodecProvider{}, com.mongodb.client.model.mql.ExpressionCodecProvider@828e2d8, com.mongodb.Jep395RecordCodecProvider@43e9eddf, com.mongodb.KotlinCodecProvider@548e70f0]}, loggerSettings=LoggerSettings{maxDocumentLength=1000}, clusterSettings={hosts=[192.168.150.105:27017], srvServiceName=mongodb, mode=SINGLE, requiredClusterType=UNKNOWN, requiredReplicaSetName='null', serverSelector='null', clusterListeners='[]', serverSelectionTimeout='30000 ms', localThreshold='15 ms'}, socketSettings=SocketSettings{connectTimeoutMS=10000, readTimeoutMS=0, receiveBufferSize=0, proxySettings=ProxySettings{host=null, port=null, username=null, password=null}}, heartbeatSocketSettings=SocketSettings{connectTimeoutMS=10000, readTimeoutMS=10000, receiveBufferSize=0, proxySettings=ProxySettings{host=null, port=null, username=null, password=null}}, connectionPoolSettings=ConnectionPoolSettings{maxSize=100, minSize=0, maxWaitTimeMS=120000, maxConnectionLifeTimeMS=0, maxConnectionIdleTimeMS=0, maintenanceInitialDelayMS=0, maintenanceFrequencyMS=60000, connectionPoolListeners=[io.micrometer.core.instrument.binder.mongodb.MongoMetricsConnectionPoolListener@2b14628b], maxConnecting=2}, serverSettings=ServerSettings{heartbeatFrequencyMS=10000, minHeartbeatFrequencyMS=500, serverListeners='[]', serverMonitorListeners='[]'}, sslSettings=SslSettings{enabled=false, invalidHostNameAllowed=false, context=null}, applicationName='null', compressorList=[], uuidRepresentation=JAVA_LEGACY, serverApi=null, autoEncryptionSettings=null, dnsClient=null, inetAddressResolver=null, contextProvider=null}
15:39:01.081 [cluster-ClusterId{value='6a34f215484ded765ec44be2', description='null'}-192.168.150.105:27017] INFO  o.m.driver.cluster - [info,71] - Monitor thread successfully connected to server with description ServerDescription{address=192.168.150.105:27017, type=STANDALONE, state=CONNECTED, ok=true, minWireVersion=0, maxWireVersion=21, maxDocumentSize=16777216, logicalSessionTimeoutMinutes=30, roundTripTimeNanos=22630599}
15:39:01.973 [main] WARN  o.s.d.e.c.m.SimpleElasticsearchPersistentProperty - [initPropertyValueConverter,199] - Unsupported type 'class java.lang.String' for date property 'publishedAt'.
15:39:02.975 [main] INFO  c.i.ChatStatusTest - [logStarted,56] - Started ChatStatusTest in 6.246 seconds (process running for 7.182)
=== 最近20条聊天消息 ===
总数: 18
id=6a34f16828b97551b159f7d7 | sender=2 | receiver=3 | status=sending | type=text | content=在吗HR | createdAt=Fri Jun 19 15:36:08 GMT+08:00 2026
id=6a34efd104787823873e027d | sender=2 | receiver=3 | status=sent | type=text | content=你好HR | createdAt=Fri Jun 19 15:29:21 GMT+08:00 2026
id=6a34ecac168a475feb09b2d4 | sender=2 | receiver=3 | status=sent | type=text | content=在吗在吗面试官 | createdAt=Fri Jun 19 15:15:56 GMT+08:00 2026
id=6a34eca1168a475feb09b2d3 | sender=2 | receiver=3 | status=sent | type=text | content=你好 | createdAt=Fri Jun 19 15:15:45 GMT+08:00 2026
id=6a34ec8a168a475feb09b2d2 | sender=2 | receiver=3 | status=sent | type=text | content=😙 | createdAt=Fri Jun 19 15:15:22 GMT+08:00 2026
id=6a33913ceccd6b2a85d85667 | sender=3 | receiver=2 | status=sent | type=text | content=你好 | createdAt=Thu Jun 18 14:33:32 GMT+08:00 2026
id=6a338b8bb68a0d043f0f8627 | sender=2 | receiver=3 | status=sent | type=text | content=😚在吗HR | createdAt=Thu Jun 18 14:09:15 GMT+08:00 2026
id=6a337e37faff7767a25a55a9 | sender=2 | receiver=3 | status=sent | type=text | content=在吗 | createdAt=Thu Jun 18 13:12:23 GMT+08:00 2026
id=6a337d8dfaff7767a25a55a8 | sender=2 | receiver=3 | status=sent | type=text | content=在吗 | createdAt=Thu Jun 18 13:09:33 GMT+08:00 2026
id=6a337d52faff7767a25a55a7 | sender=2 | receiver=3 | status=sent | type=text | content=在吗 | createdAt=Thu Jun 18 13:08:34 GMT+08:00 2026
id=6a337d43faff7767a25a55a6 | sender=2 | receiver=3 | status=sent | type=text | content=在吗 | createdAt=Thu Jun 18 13:08:19 GMT+08:00 2026
id=6a337d33faff7767a25a55a5 | sender=2 | receiver=3 | status=sent | type=text | content=在吗 | createdAt=Thu Jun 18 13:08:03 GMT+08:00 2026
id=6a337d20faff7767a25a55a4 | sender=2 | receiver=3 | status=sent | type=text | content=在吗 | createdAt=Thu Jun 18 13:07:44 GMT+08:00 2026
id=6a32a1047ebe44176b6409af | sender=3 | receiver=2 | status=sent | type=text | content=zaide | createdAt=Wed Jun 17 21:28:36 GMT+08:00 2026
id=6a32a0f67ebe44176b6409ae | sender=2 | receiver=3 | status=sent | type=text | content=在吗HR | createdAt=Wed Jun 17 21:28:22 GMT+08:00 2026
id=6a328fd15917456fd29bcf6a | sender=2 | receiver=3 | status=null | type=text | content=好的HR | createdAt=Wed Jun 17 20:15:13 GMT+08:00 2026
id=6a328fcc5917456fd29bcf69 | sender=3 | receiver=2 | status=null | type=text | content=wokankan | createdAt=Wed Jun 17 20:15:08 GMT+08:00 2026
id=6a328fa55917456fd29bcf68 | sender=2 | receiver=3 | status=null | type=resume | content=这是我的简历，希望能加入公司的大家庭 | createdAt=Wed Jun 17 20:14:29 GMT+08:00 2026

=== 状态统计 ===
total=18 | sending=1 | sent=14 | failed=0 | 无status字段=3
]]></system-out>
  </testcase>
</testsuite>